mode: set
esep/grade-calculator/grade_calculator.go:27.37,29.2 1 1
esep/grade-calculator/grade_calculator.go:37.44,44.2 1 1
esep/grade-calculator/grade_calculator.go:46.51,49.26 2 1
esep/grade-calculator/grade_calculator.go:49.26,51.3 1 1
esep/grade-calculator/grade_calculator.go:51.8,51.33 1 1
esep/grade-calculator/grade_calculator.go:51.33,53.3 1 1
esep/grade-calculator/grade_calculator.go:53.8,53.33 1 1
esep/grade-calculator/grade_calculator.go:53.33,55.3 1 1
esep/grade-calculator/grade_calculator.go:55.8,55.33 1 1
esep/grade-calculator/grade_calculator.go:55.33,57.3 1 1
esep/grade-calculator/grade_calculator.go:59.2,59.12 1 1
esep/grade-calculator/grade_calculator.go:62.82,80.2 1 1
esep/grade-calculator/grade_calculator.go:82.58,87.37 4 1
esep/grade-calculator/grade_calculator.go:87.37,89.19 2 1
esep/grade-calculator/grade_calculator.go:90.19,91.51 1 1
esep/grade-calculator/grade_calculator.go:92.13,93.39 1 1
esep/grade-calculator/grade_calculator.go:94.14,95.41 1 1
esep/grade-calculator/grade_calculator.go:100.2,106.28 5 1
esep/grade-calculator/grade_calculator.go:109.44,112.34 2 1
esep/grade-calculator/grade_calculator.go:112.34,114.3 1 1
esep/grade-calculator/grade_calculator.go:117.2,117.29 1 1
